生成启动时间为 2017/8/16 22:16:54。
     1>项目“C:\Users\Cao\Desktop\8.16晚上开灯 21点修改版\ConsoleApplication1\ConsoleApplication1.vcxproj”在节点 2 上(Build 个目标)。
     1>ClCompile:
         D:\VS2013\VC\bin\CL.exe /c /ID:\VS2013\VC\include /I"C:\Program Files (x86)\OpenNI\Include" /ZI /nologo /W3 /WX- /sdl /Od /Oy- /D WIN32 /D _DEBUG /D _CONSOLE /D _LIB /D _debug /D _UNICODE /D UNICODE /Gm /EHsc /RTC1 /MDd /GS /fp:precise /Zc:wchar_t /Zc:forScope /Fo"Debug\\" /Fd"Debug\vc120.pdb" /Gd /TP /analyze- /errorReport:prompt "源.cpp"
         源.cpp
     1>c:\users\cao\desktop\8.16晚上开灯 21点修改版\consoleapplication1\源.cpp(94): warning C4244: “初始化”: 从“double”转换到“int”，可能丢失数据
     1>c:\users\cao\desktop\8.16晚上开灯 21点修改版\consoleapplication1\源.cpp(134): warning C4018: “<”: 有符号/无符号不匹配
     1>c:\users\cao\desktop\8.16晚上开灯 21点修改版\consoleapplication1\源.cpp(134): warning C4018: “>”: 有符号/无符号不匹配
     1>c:\users\cao\desktop\8.16晚上开灯 21点修改版\consoleapplication1\源.cpp(376): warning C4244: “参数”: 从“float”转换到“int”，可能丢失数据
     1>c:\users\cao\desktop\8.16晚上开灯 21点修改版\consoleapplication1\源.cpp(414): warning C4244: “参数”: 从“float”转换到“int”，可能丢失数据
     1>c:\users\cao\desktop\8.16晚上开灯 21点修改版\consoleapplication1\源.cpp(418): warning C4244: “=”: 从“float”转换到“int”，可能丢失数据
     1>c:\users\cao\desktop\8.16晚上开灯 21点修改版\consoleapplication1\源.cpp(419): warning C4244: “参数”: 从“float”转换到“int”，可能丢失数据
     1>c:\users\cao\desktop\8.16晚上开灯 21点修改版\consoleapplication1\源.cpp(419): warning C4244: “=”: 从“double”转换到“int”，可能丢失数据
     1>c:\users\cao\desktop\8.16晚上开灯 21点修改版\consoleapplication1\源.cpp(472): warning C4390: “;”: 找到空的受控语句；这是否是有意的?
       Link:
         D:\VS2013\VC\bin\link.exe /ERRORREPORT:PROMPT /OUT:"C:\Users\Cao\Desktop\8.16晚上开灯 21点修改版\Debug\ConsoleApplication1.exe" /INCREMENTAL /NOLOGO OpenNI.lib opencv_ml2413d.lib opencv_calib3d2413d.lib opencv_contrib2413d.lib opencv_core2413d.lib opencv_features2d2413d.lib opencv_flann2413d.lib opencv_gpu2413d.lib opencv_highgui2413d.lib opencv_imgproc2413d.lib opencv_legacy2413d.lib opencv_objdetect2413d.lib opencv_ts2413d.lib opencv_video2413d.lib opencv_nonfree2413d.lib opencv_ocl2413d.lib opencv_photo2413d.lib opencv_stitching2413d.lib opencv_superres2413d.lib opencv_videostab2413d.lib opencv_objdetect2413.lib opencv_ts2413.lib opencv_video2413.lib opencv_nonfree2413.lib opencv_ocl2413.lib opencv_photo2413.lib opencv_stitching2413.lib opencv_superres2413.lib opencv_videostab2413.lib opencv_calib3d2413.lib opencv_contrib2413.lib opencv_core2413.lib opencv_features2d2413.lib opencv_flann2413.lib opencv_gpu2413.lib opencv_highgui2413.lib opencv_imgproc2413.lib opencv_legacy2413.lib opencv_ml2413.lib kernel32.lib user32.lib gdi32.lib winspool.lib comdlg32.lib advapi32.lib shell32.lib ole32.lib oleaut32.lib uuid.lib odbc32.lib odbccp32.lib kernel32.lib user32.lib gdi32.lib winspool.lib comdlg32.lib advapi32.lib shell32.lib ole32.lib oleaut32.lib uuid.lib odbc32.lib odbccp32.lib /MANIFEST /MANIFESTUAC:"level='asInvoker' uiAccess='false'" /manifest:embed /DEBUG /PDB:"C:\Users\Cao\Desktop\8.16晚上开灯 21点修改版\Debug\ConsoleApplication1.pdb" /SUBSYSTEM:CONSOLE /TLBID:1 /DYNAMICBASE /NXCOMPAT /IMPLIB:"C:\Users\Cao\Desktop\8.16晚上开灯 21点修改版\Debug\ConsoleApplication1.lib" /MACHINE:X86 "Debug\源.obj"
         ConsoleApplication1.vcxproj -> C:\Users\Cao\Desktop\8.16晚上开灯 21点修改版\Debug\ConsoleApplication1.exe
     1>已完成生成项目“C:\Users\Cao\Desktop\8.16晚上开灯 21点修改版\ConsoleApplication1\ConsoleApplication1.vcxproj”(Build 个目标)的操作。

生成成功。

已用时间 00:00:02.06
